


          SolidWorks Corporation - STEP Processor Error Log
          ______________________________________________________

                       STEP Post Processor
                       ___________________


STEP File Name: C:\Users\Виталий\Desktop\VAPE\Solid\VAPE.STEP


Поверхности были успешно преобразованы в твердое тело.
STEP-ввод завершен.Поверхности были успешно преобразованы в твердое тело.
STEP-ввод завершен.Поверхности были успешно преобразованы в твердое тело.
STEP-ввод завершен.Поверхности были успешно преобразованы в твердое тело.
STEP-ввод завершен.Поверхности были успешно преобразованы в твердое тело.
STEP-ввод завершен.Поверхности были успешно преобразованы в твердое тело.
STEP-ввод завершен.Поверхности были успешно преобразованы в твердое тело.
STEP-ввод завершен.Поверхности были успешно преобразованы в твердое тело.
STEP-ввод завершен.Поверхности были успешно преобразованы в твердое тело.
STEP-ввод завершен.Поверхности были успешно преобразованы в твердое тело.
STEP-ввод завершен.Поверхности были успешно преобразованы в твердое тело.
STEP-ввод завершен.Поверхности были успешно преобразованы в твердое тело.
STEP-ввод завершен.Поверхности были успешно преобразованы в твердое тело.
STEP-ввод завершен.Поверхности были успешно преобразованы в твердое тело.
STEP-ввод завершен.Поверхности были успешно преобразованы в твердое тело.
STEP-ввод завершен.Поверхности были успешно преобразованы в твердое тело.
STEP-ввод завершен.Поверхности были успешно преобразованы в твердое тело.
STEP-ввод завершен.Поверхности были успешно преобразованы в твердое тело.
STEP-ввод завершен.Поверхности были успешно преобразованы в твердое тело.
STEP-ввод завершен.Поверхности были успешно преобразованы в твердое тело.
STEP-ввод завершен.Поверхности были успешно преобразованы в твердое тело.
STEP-ввод завершен.Поверхности были успешно преобразованы в твердое тело.
STEP-ввод завершен.Поверхности были успешно преобразованы в твердое тело.
STEP-ввод завершен.Поверхности были успешно преобразованы в твердое тело.
STEP-ввод завершен.Поверхности были успешно преобразованы в твердое тело.
STEP-ввод завершен.Поверхности были успешно преобразованы в твердое тело.
STEP-ввод завершен.Поверхности были успешно преобразованы в твердое тело.
STEP-ввод завершен.Поверхности были успешно преобразованы в твердое тело.
STEP-ввод завершен.Поверхности были успешно преобразованы в твердое тело.
STEP-ввод завершен.Поверхности были успешно преобразованы в твердое тело.
STEP-ввод завершен.Поверхности были успешно преобразованы в твердое тело.
STEP-ввод завершен.Поверхности были успешно преобразованы в твердое тело.
STEP-ввод завершен.Поверхности были успешно преобразованы в твердое тело.
STEP-ввод завершен.Поверхности были успешно преобразованы в твердое тело.
STEP-ввод завершен.Поверхности были успешно преобразованы в твердое тело.
STEP-ввод завершен.Поверхности были успешно преобразованы в твердое тело.
STEP-ввод завершен.Поверхности были успешно преобразованы в твердое тело.
STEP-ввод завершен.Поверхности были успешно преобразованы в твердое тело.
STEP-ввод завершен.Поверхности были успешно преобразованы в твердое тело.
STEP-ввод завершен.Поверхности были успешно преобразованы в твердое тело.
STEP-ввод завершен.Поверхности были успешно преобразованы в твердое тело.
STEP-ввод завершен.Поверхности были успешно преобразованы в твердое тело.
STEP-ввод завершен.Поверхности были успешно преобразованы в твердое тело.
STEP-ввод завершен.Поверхности были успешно преобразованы в твердое тело.
STEP-ввод завершен.Поверхности были успешно преобразованы в твердое тело.
STEP-ввод завершен.Поверхности были успешно преобразованы в твердое тело.
STEP-ввод завершен.ВНИМАНИЕ: Surface problem...Конструктору для отсеченных поверхностей не удалось найти правильное решение.
ВНИМАНИЕ: Surface problem...Конструктору для отсеченных поверхностей не удалось найти правильное решение.
ВНИМАНИЕ: Surface problem...Конструктору для отсеченных поверхностей не удалось найти правильное решение.
ВНИМАНИЕ: Surface problem...Конструктору для отсеченных поверхностей не удалось найти правильное решение.
ВНИМАНИЕ: Surface problem...Конструктору для отсеченных поверхностей не удалось найти правильное решение.
ВНИМАНИЕ: Surface problem...Конструктору для отсеченных поверхностей не удалось найти правильное решение.
Поверхности были успешно преобразованы в твердое тело.
STEP-ввод завершен.